Arguments: 
  /home/akke/.nvm/versions/node/v8.6.0/bin/node /home/akke/.nvm/versions/node/v8.6.0/pnpm-global/1/node_modules/yarn/bin/yarn.js install

PATH: 
  /home/linuxbrew/.linuxbrew/bin:/home/akke/.nvm/versions/node/v8.6.0/bin:/home/akke/.composer/vendor/bin:/bin:/home/akke/bin:/home/akke/.local/bin:/usr/local/sbin:/usr/local/bin:/usr/sbin:/usr/bin:/sbin:/bin:/usr/games:/usr/local/games

Yarn version: 
  1.1.0

Node version: 
  8.6.0

Platform: 
  linux x64

npm manifest: 
  {
    "name": "todo-angular",
    "version": "1.0.0",
    "description": "Todo App AngularJS 1",
    "main": "index.js",
    "scripts": {
      "test": "npm run dev"
    },
    "repository": {
      "type": "git",
      "url": "git+https://github.com/akkerise/todo-angular.git"
    },
    "keywords": [
      "todo-angular"
    ],
    "author": "AkKeRise",
    "license": "MIT",
    "bugs": {
      "url": "https://github.com/akkerise/todo-angular/issues"
    },
    "homepage": "https://github.com/akkerise/todo-angular#readme",
    "dependencies": {
      "angular": "^1.6.5",
      "eslint": "^4.2.0",
      "gulp": "^3.9.1",
      "gulp-imagemin": "^3.3.0",
      "gulp-livereload": "^3.8.1",
      "gulp-minify": "^1.0.0",
      "gulp-minify-css": "^1.2.4",
      "gulp-sass": "^3.1.0",
      "imagemin-pngquant": "^5.0.1",
      "materialize-css": "^0.99.0",
      "wreck": "^12.2.2"
    },
    "devDependencies": {
      "browser-sync": "^2.18.12",
      "gulp-sass": "^3.1.0",
      "jquery": "^3.2.1",
      "jquery-ui": "^1.12.1"
    }
  }

yarn manifest: 
  No manifest

Lockfile: 
  No lockfile

Trace: 
  Error: EEXIST: file already exists, mkdir '/var/www/html/todo-angular/node_modules/browser-sync'
